02.05.07|img0705021|L|Встреча с Доном: перед уходом - классический снимок на память
02.05.07|img0705022|L|Встреча с Доном: пробуем поймать менее «официальный» кадр
02.05.07|img0705023|L|Встреча с Доном: попили чайку, поели тортов и теперь веселимся
02.05.07|img0705024|L|Встреча с Доном: прощальные рукопожатия
03.01.07|pc070103|L|Первая встреча в Новом 2007 году: кажется, нас уже семеро?
15.05.06|pb160506|L|Москва: Заочный Теологический институт, наш 1й выпуск
15.05.06|pb160505|L|Москва: новоиспеченный бакалавр Богословия с женой Галечкой
15.05.06|pb160504|L|Москва: защита диплома «Теория и практика поместной церкви»
27.11.05|pb270155|L|Вдоль проспекта Ленина: стены ободраны и расписаны...
27.11.05|pb270158|L|Вдоль проспекта Ленина: но брата Алексея все это не смущает
27.11.05|pb270160|L|Вдоль проспекта Ленина: и вот так тоже требует долги
27.11.05|pb270161|L|Вдоль проспекта Ленина: пушистое и разноцветное сообщество
20.11.05|pb200069|L|От Ленина вдоль Нагибина: начинаем движение от площади Ленина
20.11.05|pb200070|L|От Ленина вдоль Нагибина: пополним коллекцию в этом ящичке
20.11.05|pb200071|L|От Ленина вдоль Нагибина: добавим-ка на эту дверь и нашу информацию
20.11.05|pb200072|L|От Ленина вдоль Нагибина: осенний ростовский двор - классика жанра...
19.11.05|pb190036|L|Межцерковная встреча: Сергей Лубянов и Саша Таранов
19.11.05|pb190037|L|Межцерковная встреча: Сергей Лубянов и сестры из его церкви
19.11.05|pb190038|L|Межцерковная встреча: Оля Афаринова и Света Калиниченко
19.11.05|pb190040|L|Межцерковная встреча: Яна Красильникова и Сергей Лубянов
19.11.05|pb190043|L|Межцерковная встреча: пасторы Саша Збаразский и Витя Приходько
19.11.05|pb190044|L|Межцерковная встреча: пастор Виктор решил сказать прямо...
19.11.05|pb190045|L|Межцерковная встреча: брат Володя не молится и не спит, просто случайно так вышло
19.11.05|pb190039|L|Межцерковная встреча: Андрей Кудрявец разливает чай
19.11.05|pb190051|L|Межцерковная встреча: братья и сестры из церкви «Победа», а Оля - из «Святой Троицы»
19.11.05|pb190052|L|Межцерковная встреча: Яна и Сергей - церковь «Троицы», Саша - «Победа», Андрей - РХЦ
19.11.05|pb190053|L|Межцерковная встреча: сестры из церкви «Победа»
19.11.05|pb190062|L|Межцерковная встреча: попили чайку, поели пирожных и повеселели...
13.11.05|pb130035|L|По проспекту Ленина: начинаем движение от здания РГУПС
13.11.05|pb130017|L|По проспекту Ленина: мой почтовый ящик - моя крепость
13.11.05|pb130023|L|По проспекту Ленина: у входа в жилой городок РГУПС
13.11.05|pb130019|L|По проспекту Ленина: посещаем дома преподавателей, или кто там ещё живет?
13.11.05|pb130024|L|По проспекту Ленина: кто-по покупает, кто-то подает, а мы вот - дарим!
13.11.05|pb130032|L|По проспекту Ленина: это ж как надо достать рекламной почтой человека?
13.11.05|pb130033|L|По проспекту Ленина: золотая осень и мы
13.11.05|pb130028|L|По проспекту Ленина: что ростовчане делают с тем, что попало в ящик и им не интересно
06.11.05|pb060011|L|По проспекту Ленина: строящийся православный храм напротив Университета путей сообщения
06.11.05|pb060001|L|По проспекту Ленина: работать c такими целенькими и чистенькими ящичками - одно удовольствие
06.11.05|pb060006|L|По проспекту Ленина: очередной «обработанный» ящичек, один из трех с половиной тысяч за сегодня
06.11.05|pb060009|L|По проспекту Ленина: вот так мы и конкурируем с рекламными газетками
06.11.05|pb060010|L|По проспекту Ленина: взгляд мимоходом - что-то вроде бутика для бомжей?
06.11.05|pb060002|L|По проспекту Ленина: есть и такие подъезды - занавески на окнах, цветы...
06.11.05|pb060007|L|По проспекту Ленина: ...и даже ковры на полу и зеркала на стенах
30.10.05|pa300002|L|Район телевышки: наша «жаждущая клиентура» - вон как рты пораскрывали
30.10.05|pa300005|L|Район телевышки: и это ещё не самый замученный ящичек
30.10.05|pa300016|L|Район телевышки: оделись мы легковато, но в подъезде всегда можно отогреться
12.10.05|pa120157|L|Братские посиделки: Андрей, Сергей, Алексей и Левон (слева направо)
18.09.05|p9180001|L|Частный сектор: место встречи - угол Стачки и Зорге
18.09.05|p9180011|L|Частный сектор: предварительная рекогносцировка никогда не помешает
18.09.05|p9180015|P|Частный сектор: навещаем скромные домики...
18.09.05|p9180022|L|Частный сектор: ...и богатые особняки, ведь Радостная весть - она для всех
18.09.05|p9180019|L|Частный сектор: ну чем не готовый дом молитвы? И место хорошее...
18.09.05|p9180027|L|Частный сектор: в советские времена каждый дом должен был иметь прямой вход с улицы
18.09.05|p9180025|L|Частный сектор: работая, не забываем о прекрасном
18.09.05|p9180029|L|Частный сектор: подводим промежуточные итоги...
18.09.05|p9180030|L|Частный сектор: ...и согласовываем - что там осталось?
18.09.05|p9180034|L|Частный сектор: наконец-то, дело сделано и усталые ноги несут нас к машине...
18.09.05|p9180035|L|Частный сектор: прощальный взгляд назад...
18.09.05|p9180037|L|Частный сектор: ...а пчелы продолжают свой труд
11.09.05|p9110003|L|Западный микрорайон: 9 часов утра, деревянный храм, до отказа забитый народом
26.08.05|p8260017|L|Конференция: левая часть зала
26.08.05|p8260016|L|Конференция: правая часть зала, пустые стулья ждут опаздывающих
26.08.05|p8260040|L|Конференция: Павел Григорьевич Колесниченко, епископ нашего объединения
26.08.05|p8260025|L|Конференция: выступление молодежи из Вешенской запомнилось всем
26.08.05|p8260099|L|Конференция: служители из различных церквей нашего объединения
26.08.05|p8260047|L|Конференция: один из немаловажных моментов конференции - обеденный перерыв
26.08.05|p8260048|L|Конференция: нетронутая порция ждет своего владельца...
26.08.05|p8260050|L|Конференция: теперь и организаторы конференции смогут немного перекусить
26.08.05|p8260068|L|Конференция: это те, кто организовывал, накрывал и убирал столы
26.08.05|p8260044|L|Конференция: послеобеденное общение в неформальной обстановке
26.08.05|p8260096|L|Конференция: все закончилось, покидаем гостеприимный зал
26.08.05|p8260098|L|Конференция: пора уезжать - Андрей, Надя, Галя и Левон
25.02.05|p1010095|L|Церковь в полном составе: Левон Арутюнян, Алексей и Надя Сапрыкины, Сергей и Галя Ирюпины, Андрей Кудрявец
25.02.05|p1010101|L|Наши драгоценные сестры: Галя Ирюпина и Надя Сапрыкина
29.08.04|p8290117|L|День рождения Андрея: итог шашлычной эпопеи
29.08.04|p8290097|L|День рождения Андрея: именинник активно помогает процессу
29.08.04|p8290095|L|День рождения Андрея: всегда интересно наблюдать, как кто-то работает
29.08.04|p8290091|L|День рождения Андрея: объяснять можно долго, но практика - важнее
29.08.04|p8290111|L|День рождения Андрея: а сынишку пока подержат на руках друзья
29.08.04|p8290120|L|День рождения Андрея: хороший шашлык требует хороших дров